<?xml version="1.0" encoding="UTF-8"?>
<testng-results skipped="0" failed="0" ignored="0" total="1" passed="1">
  <reporter-output>
  </reporter-output>
  <suite name="Default suite" duration-ms="45848" started-at="2018-11-24T02:14:49Z" finished-at="2018-11-24T02:15:34Z">
    <groups>
    </groups>
    <test name="Default test" duration-ms="45848" started-at="2018-11-24T02:14:49Z" finished-at="2018-11-24T02:15:34Z">
      <class name="com.mortgagecalculator.tests.Test1">
        <test-method status="PASS" signature="calculatePMI()[pri:0, instance:com.mortgagecalculator.tests.Test1@4501b7af]" name="calculatePMI" duration-ms="45768" started-at="2018-11-24T02:14:49Z" finished-at="2018-11-24T02:15:34Z">
          <reporter-output>
          </reporter-output>
        </test-method> <!-- calculatePMI -->
      </class> <!-- com.mortgagecalculator.tests.Test1 -->
    </test> <!-- Default test -->
  </suite> <!-- Default suite -->
</testng-results>
