<?xml version="1.0" encoding="UTF-8"?>
<!-- Generated by org.testng.reporters.JUnitXMLReporter -->
<testsuite hostname="DESKTOP-9SROG5L" ignored="0" name="Running In ie" tests="2" failures="0" timestamp="17 Nov 2018 18:04:22 GMT" time="0.031" errors="0">
  <testcase name="@BeforeMethod launchNewToursPage" time="0.001" classname="com.demoaut.tours.tests.NewTours_BaseTest">
    <failure type="java.lang.NullPointerException">
      <![CDATA[java.lang.NullPointerException
at com.demoaut.tours.tests.NewTours_BaseTest.launchNewToursPage(NewTours_BaseTest.java:47)
... Removed 28 stack frames]]>
    </failure>
  </testcase> <!-- @BeforeMethod launchNewToursPage -->
  <testcase name="@AfterMethod closeBrowser" time="0.0" classname="com.demoaut.tours.tests.NewTours_BaseTest">
    <skipped/>
  </testcase> <!-- @AfterMethod closeBrowser -->
  <testcase name="@BeforeMethod launchNewToursPage" time="0.0" classname="com.demoaut.tours.tests.NewTours_BaseTest">
    <skipped/>
  </testcase> <!-- @BeforeMethod launchNewToursPage -->
  <testcase name="@AfterMethod closeBrowser" time="0.0" classname="com.demoaut.tours.tests.NewTours_BaseTest">
    <skipped/>
  </testcase> <!-- @AfterMethod closeBrowser -->
  <testcase name="logInWithInvalidCredentials" time="0.0" classname="com.demoaut.tours.tests.LogIntoNewTours">
    <skipped/>
  </testcase> <!-- logInWithInvalidCredentials -->
  <testcase name="logInWithValidCredentials" time="0.0" classname="com.demoaut.tours.tests.LogIntoNewTours">
    <skipped/>
  </testcase> <!-- logInWithValidCredentials -->
</testsuite> <!-- Running In ie -->
