<?xml version="1.0" encoding="UTF-8"?>
<!-- Generated by org.testng.reporters.JUnitXMLReporter -->
<testsuite hostname="DESKTOP-9SROG5L" ignored="1" name="Running In chrome" tests="1" failures="1" timestamp="19 Nov 2018 18:49:57 GMT" time="0.602" errors="0">
  <testcase name="logInWithInvalidCredentials" time="0.52" classname="com.demoaut.tours.tests.LogIntoNewTours">
    <failure type="java.lang.NullPointerException">
      <![CDATA[java.lang.NullPointerException
at org.openqa.selenium.support.pagefactory.DefaultElementLocator.findElement(DefaultElementLocator.java:69)
at org.openqa.selenium.support.pagefactory.internal.LocatingElementHandler.invoke(LocatingElementHandler.java:38)
at com.sun.proxy.$Proxy10.click(Unknown Source)
at com.demoaut.newtours.pages.HomePage.clickOnSignOnLink(HomePage.java:40)
at com.demoaut.tours.tests.LogIntoNewTours.logInWithInvalidCredentials(LogIntoNewTours.java:25)
... Removed 25 stack frames]]>
    </failure>
  </testcase> <!-- logInWithInvalidCredentials -->
  <testcase name="logInWithValidCredentials" time="0.0" classname="com.demoaut.tours.tests.LogIntoNewTours">
    <ignored/>
  </testcase> <!-- logInWithValidCredentials -->
</testsuite> <!-- Running In chrome -->
