<?xml version="1.0" encoding="UTF-8"?>
<!-- Generated by org.testng.reporters.JUnitXMLReporter -->
<testsuite hostname="DESKTOP-9SROG5L" ignored="0" name="Running In Internet Explorer" tests="1" failures="1" timestamp="16 Nov 2018 02:55:04 GMT" time="3.117" errors="0">
  <testcase name="logInWithInvalidCredentials" time="0.007" classname="com.demoaut.tours.tests.LogIntoNewTours">
    <failure type="java.lang.NullPointerException">
      <![CDATA[java.lang.NullPointerException
at org.openqa.selenium.support.pagefactory.DefaultElementLocator.findElement(DefaultElementLocator.java:69)
at org.openqa.selenium.support.pagefactory.internal.LocatingElementHandler.invoke(LocatingElementHandler.java:38)
at com.sun.proxy.$Proxy10.click(Unknown Source)
at com.demoaut.newtours.pages.HomePage.clickOnSignOnLink(HomePage.java:42)
at com.demoaut.tours.tests.LogIntoNewTours.logInWithInvalidCredentials(LogIntoNewTours.java:27)
... Removed 25 stack frames]]>
    </failure>
  </testcase> <!-- logInWithInvalidCredentials -->
</testsuite> <!-- Running In Internet Explorer -->
