<?xml version="1.0" encoding="UTF-8"?>
<testng-results skipped="0" failed="0" ignored="0" total="3" passed="3">
  <reporter-output>
  </reporter-output>
  <suite name="Tests in different browsers" duration-ms="243231" started-at="2018-11-22T21:18:45Z" finished-at="2018-11-22T21:22:48Z">
    <groups>
      <group name="InvalidCredentials">
        <method signature="LogIntoNewTours.logInWithInvalidCredentials()[pri:0, instance:com.demoaut.tours.tests.LogIntoNewTours@6df97b55]" name="logInWithInvalidCredentials" class="com.demoaut.tours.tests.LogIntoNewTours"/>
      </group> <!-- InvalidCredentials -->
    </groups>
    <test name="Running In chrome" duration-ms="243231" started-at="2018-11-22T21:18:45Z" finished-at="2018-11-22T21:22:48Z">
      <class name="com.demoaut.tours.tests.LogIntoNewTours">
        <test-method status="PASS" signature="launchNewToursPage(java.lang.String)[pri:0, instance:com.demoaut.tours.tests.LogIntoNewTours@6df97b55]" name="launchNewToursPage" is-config="true" duration-ms="13732" started-at="2018-11-22T21:18:45Z" finished-at="2018-11-22T21:18:58Z">
          <params>
            <param index="0">
              <value>
                <![CDATA[chrome]]>
              </value>
            </param>
          </params>
          <reporter-output>
          </reporter-output>
        </test-method> <!-- launchNewToursPage -->
        <test-method status="PASS" signature="logInWithInvalidCredentials()[pri:0, instance:com.demoaut.tours.tests.LogIntoNewTours@6df97b55]" name="logInWithInvalidCredentials" duration-ms="10630" started-at="2018-11-22T21:18:58Z" finished-at="2018-11-22T21:19:09Z">
          <reporter-output>
          </reporter-output>
        </test-method> <!-- logInWithInvalidCredentials -->
        <test-method status="PASS" signature="closeBrowser()[pri:0, instance:com.demoaut.tours.tests.LogIntoNewTours@6df97b55]" name="closeBrowser" is-config="true" duration-ms="60165" started-at="2018-11-22T21:19:09Z" finished-at="2018-11-22T21:20:09Z">
          <reporter-output>
          </reporter-output>
        </test-method> <!-- closeBrowser -->
        <test-method status="PASS" signature="launchNewToursPage(java.lang.String)[pri:0, instance:com.demoaut.tours.tests.LogIntoNewTours@6df97b55]" name="launchNewToursPage" is-config="true" duration-ms="9744" started-at="2018-11-22T21:20:09Z" finished-at="2018-11-22T21:20:19Z">
          <params>
            <param index="0">
              <value>
                <![CDATA[chrome]]>
              </value>
            </param>
          </params>
          <reporter-output>
          </reporter-output>
        </test-method> <!-- launchNewToursPage -->
        <test-method status="PASS" signature="logInWithValidCredentials()[pri:0, instance:com.demoaut.tours.tests.LogIntoNewTours@6df97b55]" name="logInWithValidCredentials" duration-ms="11599" started-at="2018-11-22T21:20:19Z" finished-at="2018-11-22T21:20:30Z">
          <reporter-output>
          </reporter-output>
        </test-method> <!-- logInWithValidCredentials -->
        <test-method status="PASS" signature="closeBrowser()[pri:0, instance:com.demoaut.tours.tests.LogIntoNewTours@6df97b55]" name="closeBrowser" is-config="true" duration-ms="56544" started-at="2018-11-22T21:20:30Z" finished-at="2018-11-22T21:21:27Z">
          <reporter-output>
          </reporter-output>
        </test-method> <!-- closeBrowser -->
      </class> <!-- com.demoaut.tours.tests.LogIntoNewTours -->
      <class name="com.demoaut.tours.tests.RegisterForNewTours">
        <test-method status="PASS" signature="launchNewToursPage(java.lang.String)[pri:0, instance:com.demoaut.tours.tests.RegisterForNewTours@3cbbc1e0]" name="launchNewToursPage" is-config="true" duration-ms="6203" started-at="2018-11-22T21:21:27Z" finished-at="2018-11-22T21:21:33Z">
          <params>
            <param index="0">
              <value>
                <![CDATA[chrome]]>
              </value>
            </param>
          </params>
          <reporter-output>
          </reporter-output>
        </test-method> <!-- launchNewToursPage -->
        <test-method status="PASS" signature="registerTheUserProfile()[pri:0, instance:com.demoaut.tours.tests.RegisterForNewTours@3cbbc1e0]" name="registerTheUserProfile" duration-ms="36708" started-at="2018-11-22T21:21:33Z" finished-at="2018-11-22T21:22:10Z">
          <reporter-output>
          </reporter-output>
        </test-method> <!-- registerTheUserProfile -->
        <test-method status="PASS" signature="closeBrowser()[pri:0, instance:com.demoaut.tours.tests.RegisterForNewTours@3cbbc1e0]" name="closeBrowser" is-config="true" duration-ms="37840" started-at="2018-11-22T21:22:10Z" finished-at="2018-11-22T21:22:48Z">
          <reporter-output>
          </reporter-output>
        </test-method> <!-- closeBrowser -->
      </class> <!-- com.demoaut.tours.tests.RegisterForNewTours -->
    </test> <!-- Running In chrome -->
  </suite> <!-- Tests in different browsers -->
</testng-results>
