<?xml version="1.0" encoding="UTF-8"?>
<!-- Generated by org.testng.reporters.JUnitXMLReporter -->
<testsuite hostname="DESKTOP-9SROG5L" ignored="0" name="Running In chrome" tests="3" failures="0" timestamp="22 Nov 2018 21:22:48 GMT" time="243.231" errors="0">
  <testcase name="logInWithInvalidCredentials" time="10.63" classname="com.demoaut.tours.tests.LogIntoNewTours"/>
  <testcase name="logInWithValidCredentials" time="11.599" classname="com.demoaut.tours.tests.LogIntoNewTours"/>
  <testcase name="registerTheUserProfile" time="36.708" classname="com.demoaut.tours.tests.RegisterForNewTours"/>
</testsuite> <!-- Running In chrome -->
